Thu, 11 Feb 21 20:45:41 +0100	0:		 Error: Loading helper  validator/user. File does not exist
 #0 /opt/lampp/htdocs/Grey/src/GControllers/gc_user.php(84): GCLoader->helper('validator/user', 'signup', Array)
#1 /opt/lampp/htdocs/Grey/GSystem/GCore/gc_loader.php(135): GCUser->register()
#2 /opt/lampp/htdocs/Grey/GSystem/GCore/index.php(41): GCLoader->route('user', 'register')
#3 /opt/lampp/htdocs/Grey/index.php(7): require_once('/opt/lampp/htdo...')
#4 {main}
Thu, 11 Feb 21 20:46:00 +0100	0:		 Error: Loading helper  validator/user. File does not exist
 #0 /opt/lampp/htdocs/Grey/src/GControllers/gc_user.php(84): GCLoader->helper('validator/user', 'signup', Array)
#1 /opt/lampp/htdocs/Grey/GSystem/GCore/gc_loader.php(135): GCUser->register()
#2 /opt/lampp/htdocs/Grey/GSystem/GCore/index.php(41): GCLoader->route('user', 'register')
#3 /opt/lampp/htdocs/Grey/index.php(7): require_once('/opt/lampp/htdo...')
#4 {main}
Thu, 11 Feb 21 20:49:08 +0100	0:		 Error: Loading helper  validator/user. File does not exist
 #0 /opt/lampp/htdocs/Grey/src/GControllers/gc_user.php(84): GCLoader->helper('validator/user', 'signup', Array)
#1 /opt/lampp/htdocs/Grey/GSystem/GCore/gc_loader.php(135): GCUser->register()
#2 /opt/lampp/htdocs/Grey/GSystem/GCore/index.php(41): GCLoader->route('user', 'register')
#3 /opt/lampp/htdocs/Grey/index.php(7): require_once('/opt/lampp/htdo...')
#4 {main}
Thu, 11 Feb 21 20:49:45 +0100	0:		 Error: Loading helper  validator/user. File does not exist
 #0 /opt/lampp/htdocs/Grey/src/GControllers/gc_user.php(84): GCLoader->helper('validator/user', 'signup', Array)
#1 /opt/lampp/htdocs/Grey/GSystem/GCore/gc_loader.php(135): GCUser->register()
#2 /opt/lampp/htdocs/Grey/GSystem/GCore/index.php(41): GCLoader->route('user', 'register')
#3 /opt/lampp/htdocs/Grey/index.php(7): require_once('/opt/lampp/htdo...')
#4 {main}
Thu, 11 Feb 21 20:50:14 +0100	0:		 Error: Loading helper  validator/user. File does not exist
 #0 /opt/lampp/htdocs/Grey/src/GControllers/gc_user.php(84): GCLoader->helper('validator/user', 'signup', Array)
#1 /opt/lampp/htdocs/Grey/GSystem/GCore/gc_loader.php(135): GCUser->register()
#2 /opt/lampp/htdocs/Grey/GSystem/GCore/index.php(41): GCLoader->route('user', 'register')
#3 /opt/lampp/htdocs/Grey/index.php(7): require_once('/opt/lampp/htdo...')
#4 {main}
Thu, 11 Feb 21 20:51:40 +0100	0:		 Error: Loading helper  validators/user. File does not exist
 #0 /opt/lampp/htdocs/Grey/src/GControllers/gc_user.php(84): GCLoader->helper('validators/user', 'signup', Array)
#1 /opt/lampp/htdocs/Grey/GSystem/GCore/gc_loader.php(135): GCUser->register()
#2 /opt/lampp/htdocs/Grey/GSystem/GCore/index.php(41): GCLoader->route('user', 'register')
#3 /opt/lampp/htdocs/Grey/index.php(7): require_once('/opt/lampp/htdo...')
#4 {main}
Thu, 11 Feb 21 20:52:27 +0100	0:		 Error: Loading helper  validators/user. File does not exist
 #0 /opt/lampp/htdocs/Grey/src/GControllers/gc_user.php(84): GCLoader->helper('validators/user', 'signup', Array)
#1 /opt/lampp/htdocs/Grey/GSystem/GCore/gc_loader.php(135): GCUser->register()
#2 /opt/lampp/htdocs/Grey/GSystem/GCore/index.php(41): GCLoader->route('user', 'register')
#3 /opt/lampp/htdocs/Grey/index.php(7): require_once('/opt/lampp/htdo...')
#4 {main}
Thu, 11 Feb 21 20:53:03 +0100	0:		 Error: Loading helper  validators/user. File does not exist
 #0 /opt/lampp/htdocs/Grey/src/GControllers/gc_user.php(84): GCLoader->helper('validators/user', 'signup', Array)
#1 /opt/lampp/htdocs/Grey/GSystem/GCore/gc_loader.php(135): GCUser->register()
#2 /opt/lampp/htdocs/Grey/GSystem/GCore/index.php(41): GCLoader->route('user', 'register')
#3 /opt/lampp/htdocs/Grey/index.php(7): require_once('/opt/lampp/htdo...')
#4 {main}
Thu, 11 Feb 21 20:53:14 +0100	0:		 Error: Loading helper  validators/user. File does not exist
 #0 /opt/lampp/htdocs/Grey/src/GControllers/gc_user.php(84): GCLoader->helper('validators/user', 'signup', Array)
#1 /opt/lampp/htdocs/Grey/GSystem/GCore/gc_loader.php(135): GCUser->register()
#2 /opt/lampp/htdocs/Grey/GSystem/GCore/index.php(41): GCLoader->route('user', 'register')
#3 /opt/lampp/htdocs/Grey/index.php(7): require_once('/opt/lampp/htdo...')
#4 {main}
Thu, 11 Feb 21 20:53:53 +0100	0:		 Class 'GHelpers' not found
 #0 /opt/lampp/htdocs/Grey/src/GControllers/gc_user.php(84): GCLoader->helper('validators/user', 'signup', Array)
#1 /opt/lampp/htdocs/Grey/GSystem/GCore/gc_loader.php(135): GCUser->register()
#2 /opt/lampp/htdocs/Grey/GSystem/GCore/index.php(41): GCLoader->route('user', 'register')
#3 /opt/lampp/htdocs/Grey/index.php(7): require_once('/opt/lampp/htdo...')
#4 {main}
Thu, 11 Feb 21 20:53:56 +0100	0:		 Class 'GHelpers' not found
 #0 /opt/lampp/htdocs/Grey/src/GControllers/gc_user.php(84): GCLoader->helper('validators/user', 'signup', Array)
#1 /opt/lampp/htdocs/Grey/GSystem/GCore/gc_loader.php(135): GCUser->register()
#2 /opt/lampp/htdocs/Grey/GSystem/GCore/index.php(41): GCLoader->route('user', 'register')
#3 /opt/lampp/htdocs/Grey/index.php(7): require_once('/opt/lampp/htdo...')
#4 {main}
Thu, 11 Feb 21 20:55:25 +0100	0:		 Cannot unpack array with string keys
 #0 /opt/lampp/htdocs/Grey/src/GControllers/gc_user.php(84): GCLoader->helper('validators/user', 'signup', Array)
#1 /opt/lampp/htdocs/Grey/GSystem/GCore/gc_loader.php(134): GCUser->register()
#2 /opt/lampp/htdocs/Grey/GSystem/GCore/index.php(41): GCLoader->route('user', 'register')
#3 /opt/lampp/htdocs/Grey/index.php(7): require_once('/opt/lampp/htdo...')
#4 {main}
Thu, 11 Feb 21 20:56:02 +0100	0:		 Call to a member function email() on null
 #0 /opt/lampp/htdocs/Grey/src/GControllers/gc_user.php(84): GCLoader->helper('validators/user', 'signup', Array)
#1 /opt/lampp/htdocs/Grey/GSystem/GCore/gc_loader.php(134): GCUser->register()
#2 /opt/lampp/htdocs/Grey/GSystem/GCore/index.php(41): GCLoader->route('user', 'register')
#3 /opt/lampp/htdocs/Grey/index.php(7): require_once('/opt/lampp/htdo...')
#4 {main}
Fri, 12 Feb 21 08:34:51 +0100	0:		 Call to a member function query() on null
 #0 /opt/lampp/htdocs/Grey/src/GModels/gm_user.php(46): GMUser->getusers()
#1 /opt/lampp/htdocs/Grey/src/GControllers/gc_user.php(88): GMUser->getUserByLoginId(NULL)
#2 /opt/lampp/htdocs/Grey/GSystem/GCore/gc_loader.php(134): GCUser->register()
#3 /opt/lampp/htdocs/Grey/GSystem/GCore/index.php(41): GCLoader->route('user', 'register')
#4 /opt/lampp/htdocs/Grey/index.php(7): require_once('/opt/lampp/htdo...')
#5 {main}
Fri, 12 Feb 21 08:58:24 +0100	0:		 Call to private method GHValidatorsUser::login() from context 'GCLoader'
 #0 /opt/lampp/htdocs/Grey/src/GControllers/gc_user.php(103): GCLoader->helper('validators/user', 'login', Array)
#1 /opt/lampp/htdocs/Grey/GSystem/GCore/gc_loader.php(133): GCUser->login()
#2 /opt/lampp/htdocs/Grey/GSystem/GCore/index.php(37): GCLoader->route('user', 'login')
#3 /opt/lampp/htdocs/Grey/index.php(7): require_once('/opt/lampp/htdo...')
#4 {main}
Fri, 12 Feb 21 08:58:45 +0100	0:		 Class 'Carbon\Carbon' not found
 #0 /opt/lampp/htdocs/Grey/src/GControllers/gc_user.php(112): GLHelpersEncrypt->generate_jwt(Array, 10)
#1 /opt/lampp/htdocs/Grey/GSystem/GCore/gc_loader.php(133): GCUser->login()
#2 /opt/lampp/htdocs/Grey/GSystem/GCore/index.php(37): GCLoader->route('user', 'login')
#3 /opt/lampp/htdocs/Grey/index.php(7): require_once('/opt/lampp/htdo...')
#4 {main}
Fri, 19 Feb 21 17:27:05 +0100	0:		 Class 'Carbon\Carbon' not found
 #0 /opt/lampp/htdocs/Grey/src/GControllers/gc_user.php(112): GLHelpersEncrypt->generate_jwt(Array, 10)
#1 /opt/lampp/htdocs/Grey/GSystem/GCore/gc_loader.php(133): GCUser->login()
#2 /opt/lampp/htdocs/Grey/GSystem/GCore/index.php(37): GCLoader->route('user', 'login')
#3 /opt/lampp/htdocs/Grey/index.php(7): require_once('/opt/lampp/htdo...')
#4 {main}
Mon, 20 Sep 21 10:03:04 +0100	0:		 Class 'Carbon\Carbon' not found
 #0 /opt/lampp/htdocs/Grey/src/GControllers/gc_user.php(112): GLHelpersEncrypt->generate_jwt(Array, 10)
#1 /opt/lampp/htdocs/Grey/GSystem/GCore/gc_loader.php(133): GCUser->login()
#2 /opt/lampp/htdocs/Grey/GSystem/GCore/index.php(37): GCLoader->route('user', 'login')
#3 /opt/lampp/htdocs/Grey/index.php(7): require_once('/opt/lampp/htdo...')
#4 {main}
Mon, 20 Sep 21 10:04:10 +0100	0:		 Class 'Carbon\Carbon' not found
 #0 /opt/lampp/htdocs/Grey/src/GControllers/gc_user.php(112): GLHelpersEncrypt->generate_jwt(Array, 10)
#1 /opt/lampp/htdocs/Grey/GSystem/GCore/gc_loader.php(133): GCUser->login()
#2 /opt/lampp/htdocs/Grey/GSystem/GCore/index.php(37): GCLoader->route('user', 'login')
#3 /opt/lampp/htdocs/Grey/index.php(7): require_once('/opt/lampp/htdo...')
#4 {main}
